2025-10-29 18:36:43 | BUY_FAILED   | 0            | Price: 1.16045 | SL: 1.15945 | TP: 1.16245 | Retcode: 10030
2025-10-29 18:39:42 | SELL         | 53833946180  | Price: 1.16025 | SL: 1.16125 | TP: 1.15825 | Retcode: 10009
2025-10-29 19:46:34 | SELL         | 53834301534  | Price: 1.16045 | SL: 1.16145 | TP: 1.15845 | Retcode: 10009
2025-10-29 19:47:35 | SELL         | 53834306633  | Price: 1.16038 | SL: 1.16138 | TP: 1.15838 | Retcode: 10009
2025-10-29 19:55:39 | BUY          | 53834352783  | Price: 1.16040 | SL: 1.15940 | TP: 1.16240 | Retcode: 10009
2025-10-29 19:56:39 | BUY          | 53834358201  | Price: 1.16043 | SL: 1.15943 | TP: 1.16243 | Retcode: 10009
2025-10-29 20:04:07 | BUY          | 53834399566  | Price: 1.16036 | SL: 1.15936 | TP: 1.16236 | Retcode: 10009
2025-10-29 20:05:08 | SELL         | 53834405201  | Price: 1.16028 | SL: 1.16128 | TP: 1.15828 | Retcode: 10009
2025-10-29 20:32:47 | BUY          | 53834563914  | Price: 1.16045 | SL: 1.15945 | TP: 1.16245 | Retcode: 10009
2025-10-29 20:47:45 | BUY          | 53834644908  | Price: 1.16034 | SL: 1.15934 | TP: 1.16234 | Retcode: 10009
2025-10-29 20:48:46 | SELL         | 53834650960  | Price: 1.16019 | SL: 1.16119 | TP: 1.15819 | Retcode: 10009
2025-10-29 21:06:17 | BUY          | 53834780176  | Price: 1.16000 | SL: 1.15660 | TP: 1.16511 | Retcode: 10009
2025-10-29 21:07:17 | BUY          | 53834786078  | Price: 1.16016 | SL: 1.15676 | TP: 1.16527 | Retcode: 10009
2025-10-29 21:13:48 | BUY          | 53834820603  | Price: 1.16042 | SL: 1.15700 | TP: 1.16555 | Retcode: 10009
2025-10-29 21:14:48 | BUY          | 53834826031  | Price: 1.16058 | SL: 1.15714 | TP: 1.16574 | Retcode: 10009
2025-10-29 21:15:48 | BUY          | 53834831366  | Price: 1.16060 | SL: 1.15716 | TP: 1.16576 | Retcode: 10009
2025-10-29 21:16:49 | BUY          | 53834836760  | Price: 1.16065 | SL: 1.15721 | TP: 1.16581 | Retcode: 10009
2025-10-29 21:17:49 | BUY          | 53834841880  | Price: 1.16072 | SL: 1.15726 | TP: 1.16591 | Retcode: 10009
2025-10-29 21:18:49 | BUY          | 53834849165  | Price: 1.16089 | SL: 1.15740 | TP: 1.16612 | Retcode: 10009
2025-10-29 21:19:51 | SELL         | 53834856125  | Price: 1.16084 | SL: 1.16433 | TP: 1.15560 | Retcode: 10009
2025-10-29 21:20:52 | BUY          | 53834865791  | Price: 1.16103 | SL: 1.15752 | TP: 1.16629 | Retcode: 10009
2025-10-29 21:21:52 | SELL         | 53834873154  | Price: 1.16102 | SL: 1.16453 | TP: 1.15576 | Retcode: 10009
2025-10-29 21:22:53 | SELL         | 53834878137  | Price: 1.16101 | SL: 1.16452 | TP: 1.15575 | Retcode: 10009
2025-10-29 21:24:53 | BUY          | 53834888004  | Price: 1.16108 | SL: 1.15757 | TP: 1.16635 | Retcode: 10009
2025-10-29 21:25:54 | BUY          | 53834895728  | Price: 1.16124 | SL: 1.15771 | TP: 1.16654 | Retcode: 10009
2025-10-29 21:27:54 | BUY          | 53834907938  | Price: 1.16140 | SL: 1.15784 | TP: 1.16674 | Retcode: 10009
2025-10-29 21:28:55 | SELL         | 53834914521  | Price: 1.16134 | SL: 1.16490 | TP: 1.15600 | Retcode: 10009
2025-10-29 21:30:56 | SELL         | 53834925202  | Price: 1.16123 | SL: 1.16479 | TP: 1.15589 | Retcode: 10009
2025-10-29 21:31:56 | SELL         | 53834930548  | Price: 1.16120 | SL: 1.16476 | TP: 1.15586 | Retcode: 10009
2025-10-29 21:32:57 | BUY          | 53834934981  | Price: 1.16133 | SL: 1.15777 | TP: 1.16667 | Retcode: 10009
2025-10-29 21:33:57 | SELL         | 53834939599  | Price: 1.16120 | SL: 1.16476 | TP: 1.15586 | Retcode: 10009
2025-10-29 21:34:58 | BUY          | 53834945135  | Price: 1.16133 | SL: 1.15777 | TP: 1.16667 | Retcode: 10009
2025-10-29 21:35:58 | SELL         | 53834949386  | Price: 1.16121 | SL: 1.16477 | TP: 1.15587 | Retcode: 10009
2025-10-29 21:36:59 | BUY          | 53834958851  | Price: 1.16131 | SL: 1.15775 | TP: 1.16665 | Retcode: 10009
2025-10-29 21:37:59 | SELL         | 53834966448  | Price: 1.16120 | SL: 1.16476 | TP: 1.15586 | Retcode: 10009
2025-10-29 21:39:00 | SELL         | 53834972678  | Price: 1.16106 | SL: 1.16462 | TP: 1.15572 | Retcode: 10009
2025-10-29 21:40:00 | BUY          | 53834979848  | Price: 1.16123 | SL: 1.15767 | TP: 1.16657 | Retcode: 10009
2025-10-29 21:42:01 | BUY          | 53834993160  | Price: 1.16130 | SL: 1.15774 | TP: 1.16664 | Retcode: 10009
2025-10-29 21:43:01 | BUY          | 53835000426  | Price: 1.16136 | SL: 1.15780 | TP: 1.16670 | Retcode: 10009
2025-10-29 21:44:02 | BUY          | 53835006823  | Price: 1.16125 | SL: 1.15769 | TP: 1.16659 | Retcode: 10009
2025-10-29 21:46:02 | BUY          | 53835028836  | Price: 1.16148 | SL: 1.15792 | TP: 1.16682 | Retcode: 10009
2025-10-29 21:49:02 | BUY          | 53835051397  | Price: 1.16149 | SL: 1.15791 | TP: 1.16686 | Retcode: 10009
2025-10-29 21:50:04 | SELL         | 53835057358  | Price: 1.16139 | SL: 1.16497 | TP: 1.15602 | Retcode: 10009
2025-10-29 21:51:04 | SELL         | 53835062705  | Price: 1.16138 | SL: 1.16496 | TP: 1.15601 | Retcode: 10009
2025-10-29 21:52:05 | BUY          | 53835069968  | Price: 1.16150 | SL: 1.15792 | TP: 1.16687 | Retcode: 10009
2025-10-29 21:54:05 | SELL         | 53835081813  | Price: 1.16142 | SL: 1.16500 | TP: 1.15605 | Retcode: 10009
2025-10-29 21:55:06 | SELL         | 53835088134  | Price: 1.16122 | SL: 1.16480 | TP: 1.15585 | Retcode: 10009
2025-10-29 21:56:07 | BUY          | 53835096425  | Price: 1.16126 | SL: 1.15768 | TP: 1.16663 | Retcode: 10009
2025-10-29 21:57:07 | BUY          | 53835103051  | Price: 1.16126 | SL: 1.15768 | TP: 1.16663 | Retcode: 10009
2025-10-29 21:58:07 | BUY          | 53835110753  | Price: 1.16131 | SL: 1.15773 | TP: 1.16668 | Retcode: 10009
2025-10-29 21:59:08 | BUY          | 53835117290  | Price: 1.16124 | SL: 1.15766 | TP: 1.16661 | Retcode: 10009
2025-10-29 22:00:08 | BUY          | 53835123244  | Price: 1.16127 | SL: 1.15790 | TP: 1.16632 | Retcode: 10009
2025-10-29 22:01:09 | SELL         | 53835133353  | Price: 1.16130 | SL: 1.16469 | TP: 1.15621 | Retcode: 10009
2025-10-29 22:02:10 | BUY          | 53835143744  | Price: 1.16127 | SL: 1.15788 | TP: 1.16636 | Retcode: 10009
2025-10-29 22:03:10 | BUY          | 53835153788  | Price: 1.16119 | SL: 1.15779 | TP: 1.16629 | Retcode: 10009
2025-10-29 22:04:11 | SELL         | 53835161850  | Price: 1.16111 | SL: 1.16452 | TP: 1.15600 | Retcode: 10009
2025-10-29 22:05:11 | BUY          | 53835171849  | Price: 1.16131 | SL: 1.15789 | TP: 1.16644 | Retcode: 10009
2025-10-29 22:06:12 | SELL         | 53835180996  | Price: 1.16128 | SL: 1.16470 | TP: 1.15615 | Retcode: 10009
2025-10-29 22:07:12 | BUY          | 53835193597  | Price: 1.16130 | SL: 1.15788 | TP: 1.16643 | Retcode: 10009
2025-10-29 22:08:13 | BUY          | 53835201515  | Price: 1.16148 | SL: 1.15806 | TP: 1.16661 | Retcode: 10009
2025-10-29 22:09:13 | SELL         | 53835209509  | Price: 1.16135 | SL: 1.16477 | TP: 1.15622 | Retcode: 10009
2025-10-29 22:10:15 | SELL         | 53835217866  | Price: 1.16132 | SL: 1.16474 | TP: 1.15619 | Retcode: 10009
2025-10-29 22:11:17 | BUY          | 53835226462  | Price: 1.16128 | SL: 1.15786 | TP: 1.16641 | Retcode: 10009
2025-10-29 22:12:17 | SELL         | 53835236344  | Price: 1.16141 | SL: 1.16483 | TP: 1.15628 | Retcode: 10009
2025-10-29 22:13:18 | BUY          | 53835245447  | Price: 1.16138 | SL: 1.15796 | TP: 1.16651 | Retcode: 10009
2025-10-29 22:14:19 | SELL         | 53835253798  | Price: 1.16137 | SL: 1.16479 | TP: 1.15624 | Retcode: 10009
2025-10-29 22:15:19 | SELL         | 53835263020  | Price: 1.16123 | SL: 1.16465 | TP: 1.15610 | Retcode: 10009
2025-10-29 22:16:19 | SELL         | 53835268733  | Price: 1.16131 | SL: 1.16473 | TP: 1.15618 | Retcode: 10009
2025-10-29 22:18:20 | BUY          | 53835280839  | Price: 1.16113 | SL: 1.15771 | TP: 1.16626 | Retcode: 10009
2025-10-29 22:19:21 | BUY          | 53835288611  | Price: 1.16110 | SL: 1.15768 | TP: 1.16623 | Retcode: 10009
2025-10-29 22:20:21 | SELL         | 53835295981  | Price: 1.16100 | SL: 1.16442 | TP: 1.15587 | Retcode: 10009
2025-10-29 22:22:22 | SELL         | 53835311215  | Price: 1.16111 | SL: 1.16453 | TP: 1.15598 | Retcode: 10009
2025-10-29 22:23:22 | BUY          | 53835317914  | Price: 1.16119 | SL: 1.15777 | TP: 1.16632 | Retcode: 10009
2025-10-29 22:24:23 | SELL         | 53835325109  | Price: 1.16104 | SL: 1.16446 | TP: 1.15591 | Retcode: 10009
2025-10-29 22:25:24 | SELL         | 53835332082  | Price: 1.16109 | SL: 1.16452 | TP: 1.15595 | Retcode: 10009
2025-10-29 22:26:24 | BUY          | 53835339638  | Price: 1.16103 | SL: 1.15760 | TP: 1.16617 | Retcode: 10009
2025-10-29 22:27:25 | SELL         | 53835347379  | Price: 1.16093 | SL: 1.16436 | TP: 1.15579 | Retcode: 10009
2025-10-29 22:35:14 | SELL         | Order: 53835402342  | Price: 1.16136 | SL: 1.16480 | TP: 1.15620 | Vol: 1.00 | R/R: 1.50 | Strategy: MAJORITY | Status: OPEN | Retcode: 10009
2025-10-29 22:35:15 | SELL         | 53835402342  | Price: 1.16136 | SL: 1.16480 | TP: 1.15620 | Retcode: 10009
2025-10-29 22:36:15 | CLOSE        | Ticket: 53835402342 | Exit: 1.16144 | Profit: -8.00 | Duration: 61s
2025-10-29 22:36:15 | BUY          | Order: 53835411559  | Price: 1.16144 | SL: 1.15800 | TP: 1.16660 | Vol: 1.00 | R/R: 1.50 | Strategy: MAJORITY | Status: OPEN | Retcode: 10009
2025-10-29 22:36:16 | BUY          | 53835411559  | Price: 1.16144 | SL: 1.15800 | TP: 1.16660 | Retcode: 10009
